<?xml version="1.0" encoding="UTF-8"?>
<!-- Generated by org.testng.reporters.JUnitXMLReporter -->
<testsuite ignored="0" hostname="DESKTOP-EUA91B4" failures="0" tests="3" name="Default test" time="6.65" errors="0" timestamp="2023-04-03T11:13:51 IST">
  <testcase classname="com.pojo.Parameters_Passing" name="login" time="4.736"/>
  <testcase classname="com.pojo.Parameters_Passing" name="login" time="0.93"/>
  <testcase classname="com.pojo.Parameters_Passing" name="login" time="0.925"/>
</testsuite> <!-- Default test -->
