<?xml version="1.0" encoding="UTF-8"?>
<testng-results ignored="0" total="3" passed="3" failed="0" skipped="0">
  <reporter-output>
  </reporter-output>
  <suite started-at="2023-04-03T11:13:45 IST" name="Default suite" finished-at="2023-04-03T11:13:51 IST" duration-ms="6650">
    <groups>
    </groups>
    <test started-at="2023-04-03T11:13:45 IST" name="Default test" finished-at="2023-04-03T11:13:51 IST" duration-ms="6650">
      <class name="com.pojo.Parameters_Passing">
        <test-method signature="login(java.lang.String, java.lang.String)[pri:0, instance:com.pojo.Parameters_Passing@7a7471ce]" started-at="2023-04-03T11:13:45 IST" name="login" data-provider="datas" finished-at="2023-04-03T11:13:49 IST" duration-ms="4736" status="PASS">
          <params>
            <param index="0">
              <value>
                <![CDATA[Arthiha1018]]>
              </value>
            </param>
            <param index="1">
              <value>
                <![CDATA[IA779U]]>
              </value>
            </param>
          </params>
          <reporter-output>
          </reporter-output>
        </test-method> <!-- login -->
        <test-method signature="login(java.lang.String, java.lang.String)[pri:0, instance:com.pojo.Parameters_Passing@7a7471ce]" started-at="2023-04-03T11:13:49 IST" name="login" data-provider="datas" finished-at="2023-04-03T11:13:50 IST" duration-ms="930" status="PASS">
          <params>
            <param index="0">
              <value>
                <![CDATA[Sanjith1018]]>
              </value>
            </param>
            <param index="1">
              <value>
                <![CDATA[123456]]>
              </value>
            </param>
          </params>
          <reporter-output>
          </reporter-output>
        </test-method> <!-- login -->
        <test-method signature="login(java.lang.String, java.lang.String)[pri:0, instance:com.pojo.Parameters_Passing@7a7471ce]" started-at="2023-04-03T11:13:50 IST" name="login" data-provider="datas" finished-at="2023-04-03T11:13:51 IST" duration-ms="925" status="PASS">
          <params>
            <param index="0">
              <value>
                <![CDATA[ABC123]]>
              </value>
            </param>
            <param index="1">
              <value>
                <![CDATA[HELLO123]]>
              </value>
            </param>
          </params>
          <reporter-output>
          </reporter-output>
        </test-method> <!-- login -->
      </class> <!-- com.pojo.Parameters_Passing -->
    </test> <!-- Default test -->
  </suite> <!-- Default suite -->
</testng-results>
